ERROR [org.apache.catalina.util.LifecycleBase] at org.apache.catalina.connector.Connector.startInternal(Connector.java:1008): Protocol handler start failed
at sun.nio.ch.Net.bind0(Native Method): Address already in use: bind
ERROR [org.springframework.boot.diagnostics.LoggingFailureAnalysisReporter] ***************************
APPLICATION FAILED TO START
***************************
Description:
The Tomcat connector configured to listen on port 8080 failed to start. The port may already be in use or the connector may be misconfigured.
Action:
Verify the connector's configuration, identify and stop any process that's listening on port 8080, or configure this application to listen on another port.
ERROR [org.apache.jsp.META_002dINF.views.framework.panic_jsp] HTTP GET /acme-incubator/META-INF/views/framework/page.jsp HTTP/1.1
ERROR [org.apache.jsp.META_002dINF.views.framework.panic_jsp] Status: 500
ERROR [org.apache.jsp.META_002dINF.views.framework.panic_jsp] Exception: acme.framework.helpers.Assert.state(Assert.java:40): Access is not authorised
ERROR [org.apache.jsp.META_002dINF.views.framework.panic_jsp] HTTP GET /acme-incubator/META-INF/views/framework/page.jsp HTTP/1.1
ERROR [org.apache.jsp.META_002dINF.views.framework.panic_jsp] Status: 500
ERROR [org.apache.jsp.META_002dINF.views.framework.panic_jsp] Exception: acme.framework.helpers.Assert.state(Assert.java:40): Access is not authorised
ERROR [org.apache.jsp.META_002dINF.views.framework.panic_jsp] HTTP GET /acme-incubator/META-INF/views/framework/page.jsp HTTP/1.1
ERROR [org.apache.jsp.META_002dINF.views.framework.panic_jsp] Status: 500
ERROR [org.apache.jsp.META_002dINF.views.framework.panic_jsp] Exception: acme.framework.helpers.Assert.state(Assert.java:40): Access is not authorised
ERROR [org.apache.jsp.META_002dINF.views.framework.panic_jsp] HTTP GET /acme-incubator/META-INF/views/framework/page.jsp HTTP/1.1
ERROR [org.apache.jsp.META_002dINF.views.framework.panic_jsp] Status: 500
ERROR [org.apache.jsp.META_002dINF.views.framework.panic_jsp] Exception: acme.framework.helpers.Assert.state(Assert.java:40): Access is not authorised
ERROR [org.apache.jsp.META_002dINF.views.framework.panic_jsp] HTTP GET /acme-incubator/META-INF/views/framework/page.jsp HTTP/1.1
ERROR [org.apache.jsp.META_002dINF.views.framework.panic_jsp] Status: 500
ERROR [org.apache.jsp.META_002dINF.views.framework.panic_jsp] Exception: acme.framework.helpers.Assert.state(Assert.java:40): Access is not authorised
ERROR [org.apache.jsp.META_002dINF.views.framework.panic_jsp] HTTP GET /acme-incubator/META-INF/views/framework/page.jsp HTTP/1.1
ERROR [org.apache.jsp.META_002dINF.views.framework.panic_jsp] Status: 500
ERROR [org.apache.jsp.META_002dINF.views.framework.panic_jsp] Exception: acme.framework.helpers.Assert.state(Assert.java:40): Access is not authorised
ERROR [org.apache.jsp.META_002dINF.views.framework.panic_jsp] HTTP GET /acme-incubator/META-INF/views/framework/page.jsp HTTP/1.1
ERROR [org.apache.jsp.META_002dINF.views.framework.panic_jsp] Status: 500
ERROR [org.apache.jsp.META_002dINF.views.framework.panic_jsp] Exception: acme.framework.helpers.Assert.state(Assert.java:40): Access is not authorised
ERROR [org.apache.jsp.META_002dINF.views.framework.panic_jsp] HTTP GET /acme-incubator/META-INF/views/framework/page.jsp HTTP/1.1
ERROR [org.apache.jsp.META_002dINF.views.framework.panic_jsp] Status: 500
ERROR [org.apache.jsp.META_002dINF.views.framework.panic_jsp] Exception: acme.framework.helpers.Assert.state(Assert.java:40): Access is not authorised
ERROR [org.apache.jsp.META_002dINF.views.framework.panic_jsp] HTTP GET /acme-incubator/META-INF/views/framework/page.jsp HTTP/1.1
ERROR [org.apache.jsp.META_002dINF.views.framework.panic_jsp] Status: 500
ERROR [org.apache.jsp.META_002dINF.views.framework.panic_jsp] Exception: acme.framework.helpers.Assert.state(Assert.java:40): Access is not authorised
ERROR [org.apache.jsp.META_002dINF.views.framework.panic_jsp] HTTP GET /acme-incubator/META-INF/views/framework/page.jsp HTTP/1.1
ERROR [org.apache.jsp.META_002dINF.views.framework.panic_jsp] Status: 500
ERROR [org.apache.jsp.META_002dINF.views.framework.panic_jsp] Exception: acme.framework.helpers.Assert.state(Assert.java:40): Access is not authorised
ERROR [org.apache.jsp.META_002dINF.views.framework.panic_jsp] HTTP GET /acme-incubator/META-INF/views/framework/page.jsp HTTP/1.1
ERROR [org.apache.jsp.META_002dINF.views.framework.panic_jsp] Status: 500
ERROR [org.apache.jsp.META_002dINF.views.framework.panic_jsp] Exception: acme.framework.helpers.Assert.state(Assert.java:40): Access is not authorised
ERROR [org.apache.jsp.META_002dINF.views.framework.panic_jsp] HTTP GET /acme-incubator/META-INF/views/framework/page.jsp HTTP/1.1
ERROR [org.apache.jsp.META_002dINF.views.framework.panic_jsp] Status: 500
ERROR [org.apache.jsp.META_002dINF.views.framework.panic_jsp] Exception: acme.framework.helpers.Assert.state(Assert.java:40): Access is not authorised
ERROR [org.apache.jsp.META_002dINF.views.framework.panic_jsp] HTTP GET /acme-incubator/META-INF/views/framework/page.jsp HTTP/1.1
ERROR [org.apache.jsp.META_002dINF.views.framework.panic_jsp] Status: 500
ERROR [org.apache.jsp.META_002dINF.views.framework.panic_jsp] Exception: acme.framework.helpers.Assert.state(Assert.java:40): Access is not authorised
ERROR [org.apache.jsp.META_002dINF.views.framework.panic_jsp] HTTP GET /acme-incubator/META-INF/views/framework/page.jsp HTTP/1.1
ERROR [org.apache.jsp.META_002dINF.views.framework.panic_jsp] Status: 500
ERROR [org.apache.jsp.META_002dINF.views.framework.panic_jsp] Exception: acme.framework.helpers.Assert.state(Assert.java:40): Access is not authorised
ERROR [org.apache.jsp.META_002dINF.views.framework.panic_jsp] HTTP GET /acme-incubator/META-INF/views/framework/page.jsp HTTP/1.1
ERROR [org.apache.jsp.META_002dINF.views.framework.panic_jsp] Status: 500
ERROR [org.apache.jsp.META_002dINF.views.framework.panic_jsp] Exception: acme.framework.helpers.Assert.state(Assert.java:40): Access is not authorised
ERROR [org.apache.catalina.core.ContainerBase.[Tomcat].[localhost].[/acme-incubator].[jsp]] at org.apache.jasper.servlet.JspServlet.handleMissingResource(JspServlet.java:407): File [&#47;META-INF&#47;views&#47;administrator&#47;notice&#47;form.jsp] not found
ERROR [org.apache.catalina.core.ContainerBase.[Tomcat].[localhost].[/acme-incubator].[jsp]] at org.apache.tiles.request.servlet.ServletUtil.wrapServletException(ServletUtil.java:63): JSPException including path '../administrator/notice/form.jsp'.
at org.apache.jasper.servlet.JspServlet.handleMissingResource(JspServlet.java:407): File [&#47;META-INF&#47;views&#47;administrator&#47;notice&#47;form.jsp] not found
ERROR [org.apache.catalina.core.ContainerBase.[Tomcat].[localhost].[/acme-incubator].[dispatcherServlet]] at org.apache.jasper.servlet.JspServlet.handleMissingResource(JspServlet.java:407): File [&#47;META-INF&#47;views&#47;administrator&#47;notice&#47;form.jsp] not found
ERROR [org.apache.jsp.META_002dINF.views.framework.panic_jsp] HTTP GET /acme-incubator/META-INF/views/framework/page.jsp HTTP/1.1
ERROR [org.apache.jsp.META_002dINF.views.framework.panic_jsp] Status: 500
ERROR [org.apache.jsp.META_002dINF.views.framework.panic_jsp] Exception: acme.framework.helpers.Assert.state(Assert.java:40): Access is not authorised
ERROR [org.apache.jsp.META_002dINF.views.framework.panic_jsp] HTTP GET /acme-incubator/META-INF/views/framework/page.jsp HTTP/1.1
ERROR [org.apache.jsp.META_002dINF.views.framework.panic_jsp] Status: 500
ERROR [org.apache.jsp.META_002dINF.views.framework.panic_jsp] Exception: acme.framework.helpers.Assert.state(Assert.java:40): Access is not authorised
ERROR [org.apache.jsp.META_002dINF.views.framework.panic_jsp] HTTP GET /acme-incubator/META-INF/views/framework/page.jsp HTTP/1.1
ERROR [org.apache.jsp.META_002dINF.views.framework.panic_jsp] Status: 500
ERROR [org.apache.jsp.META_002dINF.views.framework.panic_jsp] Exception: acme.framework.helpers.Assert.state(Assert.java:40): Access is not authorised
ERROR [org.apache.jsp.META_002dINF.views.framework.panic_jsp] HTTP GET /acme-incubator/META-INF/views/framework/page.jsp HTTP/1.1
ERROR [org.apache.jsp.META_002dINF.views.framework.panic_jsp] Status: 500
ERROR [org.apache.jsp.META_002dINF.views.framework.panic_jsp] Exception: acme.framework.helpers.Assert.state(Assert.java:40): Access is not authorised
ERROR [org.apache.jsp.META_002dINF.views.framework.panic_jsp] HTTP GET /acme-incubator/META-INF/views/framework/page.jsp HTTP/1.1
ERROR [org.apache.jsp.META_002dINF.views.framework.panic_jsp] Status: 500
ERROR [org.apache.jsp.META_002dINF.views.framework.panic_jsp] Exception: acme.framework.helpers.Assert.state(Assert.java:40): Access is not authorised
ERROR [org.apache.jsp.META_002dINF.views.framework.panic_jsp] HTTP GET /acme-incubator/META-INF/views/framework/page.jsp HTTP/1.1
ERROR [org.apache.jsp.META_002dINF.views.framework.panic_jsp] Status: 500
ERROR [org.apache.jsp.META_002dINF.views.framework.panic_jsp] Exception: acme.framework.helpers.Assert.state(Assert.java:40): Access is not authorised
ERROR [org.apache.jsp.META_002dINF.views.framework.panic_jsp] HTTP GET /acme-incubator/META-INF/views/framework/page.jsp HTTP/1.1
ERROR [org.apache.jsp.META_002dINF.views.framework.panic_jsp] Status: 500
ERROR [org.apache.jsp.META_002dINF.views.framework.panic_jsp] Exception: acme.framework.helpers.Assert.state(Assert.java:40): Access is not authorised
ERROR [org.apache.jsp.META_002dINF.views.framework.panic_jsp] HTTP GET /acme-incubator/META-INF/views/framework/page.jsp HTTP/1.1
ERROR [org.apache.jsp.META_002dINF.views.framework.panic_jsp] Status: 500
ERROR [org.apache.jsp.META_002dINF.views.framework.panic_jsp] Exception: acme.framework.helpers.Assert.state(Assert.java:40): Access is not authorised
ERROR [org.apache.jsp.META_002dINF.views.framework.panic_jsp] HTTP GET /acme-incubator/META-INF/views/framework/page.jsp HTTP/1.1
ERROR [org.apache.jsp.META_002dINF.views.framework.panic_jsp] Status: 500
ERROR [org.apache.jsp.META_002dINF.views.framework.panic_jsp] Exception: acme.framework.helpers.Assert.state(Assert.java:40): Access is not authorised
ERROR [org.apache.jsp.META_002dINF.views.framework.panic_jsp] HTTP GET /acme-incubator/META-INF/views/framework/page.jsp HTTP/1.1
ERROR [org.apache.jsp.META_002dINF.views.framework.panic_jsp] Status: 500
ERROR [org.apache.jsp.META_002dINF.views.framework.panic_jsp] Exception: acme.framework.helpers.Assert.state(Assert.java:40): Access is not authorised
ERROR [org.apache.jsp.META_002dINF.views.framework.panic_jsp] HTTP GET /acme-incubator/META-INF/views/framework/page.jsp HTTP/1.1
ERROR [org.apache.jsp.META_002dINF.views.framework.panic_jsp] Status: 500
ERROR [org.apache.jsp.META_002dINF.views.framework.panic_jsp] Exception: acme.framework.helpers.Assert.state(Assert.java:40): Access is not authorised
ERROR [org.apache.jsp.META_002dINF.views.framework.panic_jsp] HTTP GET /acme-incubator/META-INF/views/framework/page.jsp HTTP/1.1
ERROR [org.apache.jsp.META_002dINF.views.framework.panic_jsp] Status: 500
ERROR [org.apache.jsp.META_002dINF.views.framework.panic_jsp] Exception: acme.framework.helpers.Assert.state(Assert.java:40): Access is not authorised
ERROR [org.apache.jsp.META_002dINF.views.framework.panic_jsp] HTTP GET /acme-incubator/META-INF/views/framework/page.jsp HTTP/1.1
ERROR [org.apache.jsp.META_002dINF.views.framework.panic_jsp] Status: 500
ERROR [org.apache.jsp.META_002dINF.views.framework.panic_jsp] Exception: acme.framework.helpers.Assert.state(Assert.java:40): Access is not authorised
ERROR [org.apache.jsp.META_002dINF.views.framework.panic_jsp] HTTP GET /acme-incubator/META-INF/views/framework/page.jsp HTTP/1.1
ERROR [org.apache.jsp.META_002dINF.views.framework.panic_jsp] Status: 500
ERROR [org.apache.jsp.META_002dINF.views.framework.panic_jsp] Exception: acme.framework.helpers.Assert.state(Assert.java:40): Access is not authorised
ERROR [org.apache.jsp.META_002dINF.views.framework.panic_jsp] HTTP GET /acme-incubator/META-INF/views/framework/page.jsp HTTP/1.1
ERROR [org.apache.jsp.META_002dINF.views.framework.panic_jsp] Status: 500
ERROR [org.apache.jsp.META_002dINF.views.framework.panic_jsp] Exception: acme.framework.helpers.Assert.state(Assert.java:40): Access is not authorised
ERROR [org.apache.jsp.META_002dINF.views.framework.panic_jsp] HTTP GET /acme-incubator/META-INF/views/framework/page.jsp HTTP/1.1
ERROR [org.apache.jsp.META_002dINF.views.framework.panic_jsp] Status: 500
ERROR [org.apache.jsp.META_002dINF.views.framework.panic_jsp] Exception: acme.framework.helpers.Assert.state(Assert.java:40): Access is not authorised
ERROR [org.apache.jsp.META_002dINF.views.framework.panic_jsp] HTTP GET /acme-incubator/META-INF/views/framework/page.jsp HTTP/1.1
ERROR [org.apache.jsp.META_002dINF.views.framework.panic_jsp] Status: 500
ERROR [org.apache.jsp.META_002dINF.views.framework.panic_jsp] Exception: acme.framework.helpers.Assert.state(Assert.java:40): End-point not available
ERROR [org.apache.jsp.META_002dINF.views.framework.panic_jsp] HTTP GET /acme-incubator/META-INF/views/framework/page.jsp HTTP/1.1
ERROR [org.apache.jsp.META_002dINF.views.framework.panic_jsp] Status: 500
ERROR [org.apache.jsp.META_002dINF.views.framework.panic_jsp] Exception: acme.framework.helpers.Assert.state(Assert.java:40): End-point not available
ERROR [org.hibernate.hql.internal.ast.ErrorTracker] Invalid path: 'tr.id'
ERROR [org.hibernate.hql.internal.ast.ErrorTracker] at org.hibernate.hql.internal.ast.util.LiteralProcessor.lookupConstant(LiteralProcessor.java:111): Invalid path: 'tr.id'
ERROR [org.hibernate.hql.internal.ast.ErrorTracker] <AST>:0:0: unexpected end of subtree
ERROR [org.hibernate.hql.internal.ast.ErrorTracker] at org.hibernate.hql.internal.antlr.HqlSqlBaseWalker.exprOrSubquery(HqlSqlBaseWalker.java:4788): unexpected end of subtree
ERROR [org.hibernate.hql.internal.ast.ErrorTracker] left-hand operand of a binary operator was null
ERROR [org.hibernate.hql.internal.ast.ErrorTracker] at org.hibernate.hql.internal.ast.tree.BinaryLogicOperatorNode.initialize(BinaryLogicOperatorNode.java:40): left-hand operand of a binary operator was null
WARN [org.springframework.boot.web.servlet.context.AnnotationConfigServletWebServerApplicationContext] Exception encountered during context initialization - cancelling refresh attempt: org.springframework.beans.factory.UnsatisfiedDependencyException: Error creating bean with name 'authenticatedInquirieController': Unsatisfied dependency expressed through field 'listService'; nested exception is org.springframework.beans.factory.UnsatisfiedDependencyException: Error creating bean with name 'authenticatedInquirieListService': Unsatisfied dependency expressed through field 'repository'; nested exception is org.springframework.beans.factory.BeanCreationException: Error creating bean with name 'authenticatedInquirieRepository': Invocation of init method failed; nested exception is java.lang.IllegalArgumentException: Validation failed for query for method public abstract acme.entities.inquiries.Inquirie acme.features.authenticated.inquirie.AuthenticatedInquirieRepository.findOneById(int)!
ERROR [org.springframework.boot.SpringApplication] at org.springframework.beans.factory.annotation.AutowiredAnnotationBeanPostProcessor$AutowiredFieldElement.inject(AutowiredAnnotationBeanPostProcessor.java:596): Error creating bean with name 'authenticatedInquirieController': Unsatisfied dependency expressed through field 'listService'; nested exception is org.springframework.beans.factory.UnsatisfiedDependencyException: Error creating bean with name 'authenticatedInquirieListService': Unsatisfied dependency expressed through field 'repository'; nested exception is org.springframework.beans.factory.BeanCreationException: Error creating bean with name 'authenticatedInquirieRepository': Invocation of init method failed; nested exception is java.lang.IllegalArgumentException: Validation failed for query for method public abstract acme.entities.inquiries.Inquirie acme.features.authenticated.inquirie.AuthenticatedInquirieRepository.findOneById(int)!
at org.springframework.beans.factory.annotation.AutowiredAnnotationBeanPostProcessor$AutowiredFieldElement.inject(AutowiredAnnotationBeanPostProcessor.java:596): Error creating bean with name 'authenticatedInquirieListService': Unsatisfied dependency expressed through field 'repository'; nested exception is org.springframework.beans.factory.BeanCreationException: Error creating bean with name 'authenticatedInquirieRepository': Invocation of init method failed; nested exception is java.lang.IllegalArgumentException: Validation failed for query for method public abstract acme.entities.inquiries.Inquirie acme.features.authenticated.inquirie.AuthenticatedInquirieRepository.findOneById(int)!
at org.springframework.beans.factory.support.AbstractAutowireCapableBeanFactory.initializeBean(AbstractAutowireCapableBeanFactory.java:1778): Error creating bean with name 'authenticatedInquirieRepository': Invocation of init method failed; nested exception is java.lang.IllegalArgumentException: Validation failed for query for method public abstract acme.entities.inquiries.Inquirie acme.features.authenticated.inquirie.AuthenticatedInquirieRepository.findOneById(int)!
at org.springframework.data.jpa.repository.query.SimpleJpaQuery.validateQuery(SimpleJpaQuery.java:93): Validation failed for query for method public abstract acme.entities.inquiries.Inquirie acme.features.authenticated.inquirie.AuthenticatedInquirieRepository.findOneById(int)!
at org.hibernate.internal.ExceptionConverterImpl.convert(ExceptionConverterImpl.java:138): org.hibernate.hql.internal.ast.QuerySyntaxException: Invalid path: 'tr.id' [select i from acme.entities.inquiries.Inquirie i where tr.id = ?1]
at org.hibernate.hql.internal.ast.QuerySyntaxException.convert(QuerySyntaxException.java:74): Invalid path: 'tr.id' [select i from acme.entities.inquiries.Inquirie i where tr.id = ?1]
ERROR [org.hibernate.hql.internal.ast.ErrorTracker] Invalid path: 'tr.id'
ERROR [org.hibernate.hql.internal.ast.ErrorTracker] at org.hibernate.hql.internal.ast.util.LiteralProcessor.lookupConstant(LiteralProcessor.java:111): Invalid path: 'tr.id'
ERROR [org.hibernate.hql.internal.ast.ErrorTracker] <AST>:0:0: unexpected end of subtree
ERROR [org.hibernate.hql.internal.ast.ErrorTracker] at org.hibernate.hql.internal.antlr.HqlSqlBaseWalker.exprOrSubquery(HqlSqlBaseWalker.java:4788): unexpected end of subtree
ERROR [org.hibernate.hql.internal.ast.ErrorTracker] left-hand operand of a binary operator was null
ERROR [org.hibernate.hql.internal.ast.ErrorTracker] at org.hibernate.hql.internal.ast.tree.BinaryLogicOperatorNode.initialize(BinaryLogicOperatorNode.java:40): left-hand operand of a binary operator was null
WARN [org.springframework.boot.web.servlet.context.AnnotationConfigServletWebServerApplicationContext] Exception encountered during context initialization - cancelling refresh attempt: org.springframework.beans.factory.UnsatisfiedDependencyException: Error creating bean with name 'authenticatedInquirieController': Unsatisfied dependency expressed through field 'listService'; nested exception is org.springframework.beans.factory.UnsatisfiedDependencyException: Error creating bean with name 'authenticatedInquirieListService': Unsatisfied dependency expressed through field 'repository'; nested exception is org.springframework.beans.factory.BeanCreationException: Error creating bean with name 'authenticatedInquirieRepository': Invocation of init method failed; nested exception is java.lang.IllegalArgumentException: Validation failed for query for method public abstract acme.entities.inquiries.Inquirie acme.features.authenticated.inquirie.AuthenticatedInquirieRepository.findOneById(int)!
ERROR [org.springframework.boot.SpringApplication] at org.springframework.beans.factory.annotation.AutowiredAnnotationBeanPostProcessor$AutowiredFieldElement.inject(AutowiredAnnotationBeanPostProcessor.java:596): Error creating bean with name 'authenticatedInquirieController': Unsatisfied dependency expressed through field 'listService'; nested exception is org.springframework.beans.factory.UnsatisfiedDependencyException: Error creating bean with name 'authenticatedInquirieListService': Unsatisfied dependency expressed through field 'repository'; nested exception is org.springframework.beans.factory.BeanCreationException: Error creating bean with name 'authenticatedInquirieRepository': Invocation of init method failed; nested exception is java.lang.IllegalArgumentException: Validation failed for query for method public abstract acme.entities.inquiries.Inquirie acme.features.authenticated.inquirie.AuthenticatedInquirieRepository.findOneById(int)!
at org.springframework.beans.factory.annotation.AutowiredAnnotationBeanPostProcessor$AutowiredFieldElement.inject(AutowiredAnnotationBeanPostProcessor.java:596): Error creating bean with name 'authenticatedInquirieListService': Unsatisfied dependency expressed through field 'repository'; nested exception is org.springframework.beans.factory.BeanCreationException: Error creating bean with name 'authenticatedInquirieRepository': Invocation of init method failed; nested exception is java.lang.IllegalArgumentException: Validation failed for query for method public abstract acme.entities.inquiries.Inquirie acme.features.authenticated.inquirie.AuthenticatedInquirieRepository.findOneById(int)!
at org.springframework.beans.factory.support.AbstractAutowireCapableBeanFactory.initializeBean(AbstractAutowireCapableBeanFactory.java:1778): Error creating bean with name 'authenticatedInquirieRepository': Invocation of init method failed; nested exception is java.lang.IllegalArgumentException: Validation failed for query for method public abstract acme.entities.inquiries.Inquirie acme.features.authenticated.inquirie.AuthenticatedInquirieRepository.findOneById(int)!
at org.springframework.data.jpa.repository.query.SimpleJpaQuery.validateQuery(SimpleJpaQuery.java:93): Validation failed for query for method public abstract acme.entities.inquiries.Inquirie acme.features.authenticated.inquirie.AuthenticatedInquirieRepository.findOneById(int)!
at org.hibernate.internal.ExceptionConverterImpl.convert(ExceptionConverterImpl.java:138): org.hibernate.hql.internal.ast.QuerySyntaxException: Invalid path: 'tr.id' [select i from acme.entities.inquiries.Inquirie i where tr.id = ?1]
at org.hibernate.hql.internal.ast.QuerySyntaxException.convert(QuerySyntaxException.java:74): Invalid path: 'tr.id' [select i from acme.entities.inquiries.Inquirie i where tr.id = ?1]
ERROR [org.apache.jsp.META_002dINF.views.framework.panic_jsp] HTTP GET /acme-incubator/META-INF/views/framework/page.jsp HTTP/1.1
ERROR [org.apache.jsp.META_002dINF.views.framework.panic_jsp] Status: 500
ERROR [org.apache.jsp.META_002dINF.views.framework.panic_jsp] Exception: acme.framework.helpers.Assert.state(Assert.java:40): End-point not available
ERROR [org.apache.jsp.META_002dINF.views.framework.panic_jsp] HTTP GET /acme-incubator/META-INF/views/framework/page.jsp HTTP/1.1
ERROR [org.apache.jsp.META_002dINF.views.framework.panic_jsp] Status: 500
ERROR [org.apache.jsp.META_002dINF.views.framework.panic_jsp] Exception: acme.framework.helpers.Assert.state(Assert.java:40): End-point not available
ERROR [org.apache.jsp.META_002dINF.views.framework.panic_jsp] HTTP GET /acme-incubator/META-INF/views/framework/page.jsp HTTP/1.1
ERROR [org.apache.jsp.META_002dINF.views.framework.panic_jsp] Status: 500
ERROR [org.apache.jsp.META_002dINF.views.framework.panic_jsp] Exception: acme.framework.helpers.Assert.state(Assert.java:40): End-point not available
ERROR [org.apache.jsp.META_002dINF.views.framework.panic_jsp] HTTP GET /acme-incubator/META-INF/views/framework/page.jsp HTTP/1.1
ERROR [org.apache.jsp.META_002dINF.views.framework.panic_jsp] Status: 500
ERROR [org.apache.jsp.META_002dINF.views.framework.panic_jsp] Exception: acme.framework.helpers.Assert.state(Assert.java:40): End-point not available
ERROR [org.apache.jsp.META_002dINF.views.framework.panic_jsp] HTTP GET /acme-incubator/META-INF/views/framework/page.jsp HTTP/1.1
ERROR [org.apache.jsp.META_002dINF.views.framework.panic_jsp] Status: 500
ERROR [org.apache.jsp.META_002dINF.views.framework.panic_jsp] Exception: acme.framework.helpers.Assert.state(Assert.java:40): End-point not available
ERROR [org.apache.jsp.META_002dINF.views.framework.panic_jsp] HTTP GET /acme-incubator/META-INF/views/framework/page.jsp HTTP/1.1
ERROR [org.apache.jsp.META_002dINF.views.framework.panic_jsp] Status: 500
ERROR [org.apache.jsp.META_002dINF.views.framework.panic_jsp] Exception: acme.framework.helpers.Assert.state(Assert.java:40): End-point not available
ERROR [org.apache.jsp.META_002dINF.views.framework.panic_jsp] HTTP GET /acme-incubator/META-INF/views/framework/page.jsp HTTP/1.1
ERROR [org.apache.jsp.META_002dINF.views.framework.panic_jsp] Status: 500
ERROR [org.apache.jsp.META_002dINF.views.framework.panic_jsp] Exception: acme.framework.helpers.Assert.state(Assert.java:40): End-point not available
ERROR [org.apache.jsp.META_002dINF.views.framework.panic_jsp] HTTP GET /acme-incubator/META-INF/views/framework/page.jsp HTTP/1.1
ERROR [org.apache.jsp.META_002dINF.views.framework.panic_jsp] Status: 500
ERROR [org.apache.jsp.META_002dINF.views.framework.panic_jsp] Exception: acme.framework.helpers.Assert.state(Assert.java:40): End-point not available
ERROR [org.apache.jsp.META_002dINF.views.framework.panic_jsp] HTTP GET /acme-incubator/META-INF/views/framework/page.jsp HTTP/1.1
ERROR [org.apache.jsp.META_002dINF.views.framework.panic_jsp] Status: 500
ERROR [org.apache.jsp.META_002dINF.views.framework.panic_jsp] Exception: acme.framework.helpers.Assert.state(Assert.java:40): End-point not available
ERROR [org.apache.jsp.META_002dINF.views.framework.panic_jsp] HTTP GET /acme-incubator/META-INF/views/framework/page.jsp HTTP/1.1
ERROR [org.apache.jsp.META_002dINF.views.framework.panic_jsp] Status: 500
ERROR [org.apache.jsp.META_002dINF.views.framework.panic_jsp] Exception: acme.framework.helpers.Assert.state(Assert.java:40): End-point not available
ERROR [org.apache.jsp.META_002dINF.views.framework.panic_jsp] HTTP GET /acme-incubator/META-INF/views/framework/page.jsp HTTP/1.1
ERROR [org.apache.jsp.META_002dINF.views.framework.panic_jsp] Status: 500
ERROR [org.apache.jsp.META_002dINF.views.framework.panic_jsp] Exception: acme.framework.helpers.Assert.state(Assert.java:40): Access is not authorised
ERROR [org.apache.jsp.META_002dINF.views.framework.panic_jsp] HTTP GET /acme-incubator/META-INF/views/framework/page.jsp HTTP/1.1
ERROR [org.apache.jsp.META_002dINF.views.framework.panic_jsp] Status: 500
ERROR [org.apache.jsp.META_002dINF.views.framework.panic_jsp] Exception: acme.framework.helpers.Assert.state(Assert.java:40): Access is not authorised
ERROR [org.apache.jsp.META_002dINF.views.framework.panic_jsp] HTTP GET /acme-incubator/META-INF/views/framework/page.jsp HTTP/1.1
ERROR [org.apache.jsp.META_002dINF.views.framework.panic_jsp] Status: 500
ERROR [org.apache.jsp.META_002dINF.views.framework.panic_jsp] Exception: acme.framework.helpers.Assert.state(Assert.java:40): End-point not available
ERROR [org.apache.jsp.META_002dINF.views.framework.panic_jsp] HTTP GET /acme-incubator/META-INF/views/framework/page.jsp HTTP/1.1
ERROR [org.apache.jsp.META_002dINF.views.framework.panic_jsp] Status: 500
ERROR [org.apache.jsp.META_002dINF.views.framework.panic_jsp] Exception: acme.framework.helpers.Assert.state(Assert.java:40): End-point not available
WARN [org.springframework.boot.web.servlet.context.AnnotationConfigServletWebServerApplicationContext] Exception encountered during context initialization - cancelling refresh attempt: org.springframework.beans.factory.BeanCreationException: Error creating bean with name 'authenticatedChallengeController': Invocation of init method failed; nested exception is java.lang.AssertionError
ERROR [org.springframework.boot.SpringApplication] at org.springframework.beans.factory.annotation.InitDestroyAnnotationBeanPostProcessor.postProcessBeforeInitialization(InitDestroyAnnotationBeanPostProcessor.java:139): Error creating bean with name 'authenticatedChallengeController': Invocation of init method failed; nested exception is java.lang.AssertionError
at acme.framework.controllers.AbstractController.addBasicCommand(AbstractController.java:118): java.lang.AssertionError
